<?xml version="1.0" encoding="UTF-8"?>
<!-- Generated by org.testng.reporters.JUnitXMLReporter -->
<testsuite ignored="0" hostname="DESKTOP-4O5URTS" failures="0" tests="3" name="Default test" time="14.414" errors="0" timestamp="2023-12-30T12:54:57 IST">
  <testcase classname="com.vts.testcases.DashBoardTest" name="VerifyDashBoardPageTitle" time="0.014"/>
  <testcase classname="com.vts.testcases.DashBoardTest" name="VerifyChartButton" time="0.044"/>
  <testcase classname="com.vts.testcases.DashBoardTest" name="VerifyGeoFenceLink" time="0.921"/>
</testsuite> <!-- Default test -->
