<?xml version="1.0" encoding="UTF-8"?>
<!-- Generated by org.testng.reporters.JUnitXMLReporter -->
<testsuite ignored="0" hostname="DESKTOP-4O5URTS" failures="0" tests="3" name="Test" time="9.513" errors="0" timestamp="2023-12-30T15:44:20 IST">
  <testcase classname="com.vts.testcases.LoginPageTest" name="LoginPageTitleTest" time="0.018"/>
  <testcase classname="com.vts.testcases.LoginPageTest" name="AumLogoImgTest" time="0.064"/>
  <testcase classname="com.vts.testcases.LoginPageTest" name="LoginTest" time="2.668"/>
</testsuite> <!-- Test -->
