<?xml version="1.0" encoding="UTF-8"?>
<testng-results ignored="0" total="3" passed="3" failed="0" skipped="0">
  <reporter-output>
  </reporter-output>
  <suite started-at="2023-12-30T15:44:10 IST" name="Suite" finished-at="2023-12-30T15:44:19 IST" duration-ms="9513">
    <groups>
    </groups>
    <test started-at="2023-12-30T15:44:10 IST" name="Test" finished-at="2023-12-30T15:44:19 IST" duration-ms="9513">
      <class name="com.vts.testcases.LoginPageTest">
        <test-method is-config="true" signature="setup()[pri:0, instance:com.vts.testcases.LoginPageTest@d9345cd]" started-at="2023-12-30T15:44:10 IST" name="setup" finished-at="2023-12-30T15:44:13 IST" duration-ms="2618" status="PASS">
          <reporter-output>
          </reporter-output>
        </test-method> <!-- setup -->
        <test-method signature="LoginPageTitleTest()[pri:1, instance:com.vts.testcases.LoginPageTest@d9345cd]" started-at="2023-12-30T15:44:13 IST" name="LoginPageTitleTest" finished-at="2023-12-30T15:44:13 IST" duration-ms="18" status="PASS">
          <reporter-output>
          </reporter-output>
        </test-method> <!-- LoginPageTitleTest -->
        <test-method is-config="true" signature="tearDown()[pri:0, instance:com.vts.testcases.LoginPageTest@d9345cd]" started-at="2023-12-30T15:44:13 IST" name="tearDown" finished-at="2023-12-30T15:44:13 IST" duration-ms="218" status="PASS">
          <reporter-output>
          </reporter-output>
        </test-method> <!-- tearDown -->
        <test-method is-config="true" signature="setup()[pri:0, instance:com.vts.testcases.LoginPageTest@d9345cd]" started-at="2023-12-30T15:44:13 IST" name="setup" finished-at="2023-12-30T15:44:15 IST" duration-ms="1761" status="PASS">
          <reporter-output>
          </reporter-output>
        </test-method> <!-- setup -->
        <test-method signature="AumLogoImgTest()[pri:2, instance:com.vts.testcases.LoginPageTest@d9345cd]" started-at="2023-12-30T15:44:15 IST" name="AumLogoImgTest" finished-at="2023-12-30T15:44:15 IST" duration-ms="64" status="PASS">
          <reporter-output>
          </reporter-output>
        </test-method> <!-- AumLogoImgTest -->
        <test-method is-config="true" signature="tearDown()[pri:0, instance:com.vts.testcases.LoginPageTest@d9345cd]" started-at="2023-12-30T15:44:15 IST" name="tearDown" finished-at="2023-12-30T15:44:15 IST" duration-ms="168" status="PASS">
          <reporter-output>
          </reporter-output>
        </test-method> <!-- tearDown -->
        <test-method is-config="true" signature="setup()[pri:0, instance:com.vts.testcases.LoginPageTest@d9345cd]" started-at="2023-12-30T15:44:15 IST" name="setup" finished-at="2023-12-30T15:44:17 IST" duration-ms="1768" status="PASS">
          <reporter-output>
          </reporter-output>
        </test-method> <!-- setup -->
        <test-method signature="LoginTest()[pri:3, instance:com.vts.testcases.LoginPageTest@d9345cd]" started-at="2023-12-30T15:44:17 IST" name="LoginTest" finished-at="2023-12-30T15:44:19 IST" duration-ms="2668" status="PASS">
          <reporter-output>
          </reporter-output>
        </test-method> <!-- LoginTest -->
        <test-method is-config="true" signature="tearDown()[pri:0, instance:com.vts.testcases.LoginPageTest@d9345cd]" started-at="2023-12-30T15:44:19 IST" name="tearDown" finished-at="2023-12-30T15:44:19 IST" duration-ms="167" status="PASS">
          <reporter-output>
          </reporter-output>
        </test-method> <!-- tearDown -->
      </class> <!-- com.vts.testcases.LoginPageTest -->
    </test> <!-- Test -->
  </suite> <!-- Suite -->
</testng-results>
